<?xml version="1.0" encoding="UTF-8"?>
<!-- Generated by org.testng.reporters.JUnitReportReporter -->
<testsuite skipped="0" hostname="Amritha" name="org.itlink.selenium.selenium_automation.LoginTest" tests="1" failures="0" timestamp="06 May 2018 18:12:03 GMT" time="11.462" errors="0">
  <testcase name="testRegister" time="11.462" classname="org.itlink.selenium.selenium_automation.LoginTest"/>
</testsuite> <!-- org.itlink.selenium.selenium_automation.LoginTest -->
