<?xml version="1.0" encoding="UTF-8"?>
<!-- Generated by org.testng.reporters.JUnitReportReporter -->
<testsuite skipped="0" hostname="Amritha" name="org.itlink.selenium.selenium_automation.RegisterTest" tests="1" failures="0" timestamp="06 May 2018 18:11:19 GMT" time="13.377" errors="0">
  <testcase name="testRegister" time="13.377" classname="org.itlink.selenium.selenium_automation.RegisterTest"/>
</testsuite> <!-- org.itlink.selenium.selenium_automation.RegisterTest -->
